This is pdfTeX, Version 3.14159265-2.6-1.40.21 (MiKTeX 2.9.7380 64-bit) (preloaded format=pdflatex 2020.4.8)  31 OCT 2020 16:38
entering extended mode
**C:/Users/dmitry.ra/Desktop/Studies/Articles/PhD/NPuzzleModel/Matlab/+Cylinder
s/TempoSpatial/Column.14.tex

(C:/Users/dmitry.ra/Desktop/Studies/Articles/PhD/NPuzzleModel/Matlab/+Cylinders
/TempoSpatial/Column.14.tex
LaTeX2e <2020-02-02> patch level 5
L3 programming layer <2020-04-06>
(C:\Users\dmitry.ra\AppData\Roaming\MiKTeX\2.9\tex/latex/standalone\standalone.
cls
Document Class: standalone 2018/03/26 v1.3a Class to compile TeX sub-files stan
dalone
("C:\Program Files\MiKTeX 2.9\tex/latex/tools\shellesc.sty"
Package: shellesc 2019/11/08 v1.0c unified shell escape interface for LaTeX
Package shellesc Info: Unrestricted shell escape enabled on input line 75.
) (C:\Users\dmitry.ra\AppData\Roaming\MiKTeX\2.9\tex/generic/iftex\ifluatex.sty
Package: ifluatex 2019/10/25 v1.5 ifluatex legacy package. Use iftex instead.
(C:\Users\dmitry.ra\AppData\Roaming\MiKTeX\2.9\tex/generic/iftex\iftex.sty
Package: iftex 2020/03/06 v1.0d TeX engine tests
)) ("C:\Program Files\MiKTeX 2.9\tex/latex/xkeyval\xkeyval.sty"
Package: xkeyval 2014/12/03 v2.7a package option processing (HA)
("C:\Program Files\MiKTeX 2.9\tex/generic/xkeyval\xkeyval.tex" ("C:\Program Fil
es\MiKTeX 2.9\tex/generic/xkeyval\xkvutils.tex"
\XKV@toks=\toks15
\XKV@tempa@toks=\toks16
("C:\Program Files\MiKTeX 2.9\tex/generic/xkeyval\keyval.tex"))
\XKV@depth=\count167
File: xkeyval.tex 2014/12/03 v2.7a key=value parser (HA)
))
\sa@internal=\count168
\c@sapage=\count169

(C:\Users\dmitry.ra\AppData\Roaming\MiKTeX\2.9\tex/latex/standalone\standalone.
cfg
File: standalone.cfg 2018/03/26 v1.3a Default configuration file for 'standalon
e' class
) ("C:\Program Files\MiKTeX 2.9\tex/latex/base\article.cls"
Document Class: article 2019/12/20 v1.4l Standard LaTeX document class
("C:\Program Files\MiKTeX 2.9\tex/latex/base\size10.clo"
File: size10.clo 2019/12/20 v1.4l Standard LaTeX file (size option)
)
\c@part=\count170
\c@section=\count171
\c@subsection=\count172
\c@subsubsection=\count173
\c@paragraph=\count174
\c@subparagraph=\count175
\c@figure=\count176
\c@table=\count177
\abovecaptionskip=\skip47
\belowcaptionskip=\skip48
\bibindent=\dimen134
)
(C:\Users\dmitry.ra\AppData\Roaming\MiKTeX\2.9\tex/latex/pgf/frontendlayer\tikz
.sty
(C:\Users\dmitry.ra\AppData\Roaming\MiKTeX\2.9\tex/latex/pgf/basiclayer\pgf.sty

(C:\Users\dmitry.ra\AppData\Roaming\MiKTeX\2.9\tex/latex/pgf/utilities\pgfrcs.s
ty
(C:\Users\dmitry.ra\AppData\Roaming\MiKTeX\2.9\tex/generic/pgf/utilities\pgfuti
l-common.tex
\pgfutil@everybye=\toks17
\pgfutil@tempdima=\dimen135
\pgfutil@tempdimb=\dimen136

(C:\Users\dmitry.ra\AppData\Roaming\MiKTeX\2.9\tex/generic/pgf/utilities\pgfuti
l-common-lists.tex))
(C:\Users\dmitry.ra\AppData\Roaming\MiKTeX\2.9\tex/generic/pgf/utilities\pgfuti
l-latex.def
\pgfutil@abb=\box45
(C:\Users\dmitry.ra\AppData\Roaming\MiKTeX\2.9\tex/latex/ms\everyshi.sty
Package: everyshi 2001/05/15 v3.00 EveryShipout Package (MS)
))
(C:\Users\dmitry.ra\AppData\Roaming\MiKTeX\2.9\tex/generic/pgf/utilities\pgfrcs
.code.tex
(C:\Users\dmitry.ra\AppData\Roaming\MiKTeX\2.9\tex/generic/pgf\pgf.revision.tex
)
Package: pgfrcs 2020/01/08 v3.1.5b (3.1.5b)
))
Package: pgf 2020/01/08 v3.1.5b (3.1.5b)

(C:\Users\dmitry.ra\AppData\Roaming\MiKTeX\2.9\tex/latex/pgf/basiclayer\pgfcore
.sty ("C:\Program Files\MiKTeX 2.9\tex/latex/graphics\graphicx.sty"
Package: graphicx 2019/11/30 v1.2a Enhanced LaTeX Graphics (DPC,SPQR)
("C:\Program Files\MiKTeX 2.9\tex/latex/graphics\graphics.sty"
Package: graphics 2019/11/30 v1.4a Standard LaTeX Graphics (DPC,SPQR)
("C:\Program Files\MiKTeX 2.9\tex/latex/graphics\trig.sty"
Package: trig 2016/01/03 v1.10 sin cos tan (DPC)
) ("C:\Program Files\MiKTeX 2.9\tex/latex/graphics-cfg\graphics.cfg"
File: graphics.cfg 2016/06/04 v1.11 sample graphics configuration
)
Package graphics Info: Driver file: pdftex.def on input line 105.
("C:\Program Files\MiKTeX 2.9\tex/latex/graphics-def\pdftex.def"
File: pdftex.def 2018/01/08 v1.0l Graphics/color driver for pdftex
))
\Gin@req@height=\dimen137
\Gin@req@width=\dimen138
)
(C:\Users\dmitry.ra\AppData\Roaming\MiKTeX\2.9\tex/latex/pgf/systemlayer\pgfsys
.sty
(C:\Users\dmitry.ra\AppData\Roaming\MiKTeX\2.9\tex/generic/pgf/systemlayer\pgfs
ys.code.tex
Package: pgfsys 2020/01/08 v3.1.5b (3.1.5b)

(C:\Users\dmitry.ra\AppData\Roaming\MiKTeX\2.9\tex/generic/pgf/utilities\pgfkey
s.code.tex
\pgfkeys@pathtoks=\toks18
\pgfkeys@temptoks=\toks19

(C:\Users\dmitry.ra\AppData\Roaming\MiKTeX\2.9\tex/generic/pgf/utilities\pgfkey
sfiltered.code.tex
\pgfkeys@tmptoks=\toks20
))
\pgf@x=\dimen139
\pgf@y=\dimen140
\pgf@xa=\dimen141
\pgf@ya=\dimen142
\pgf@xb=\dimen143
\pgf@yb=\dimen144
\pgf@xc=\dimen145
\pgf@yc=\dimen146
\pgf@xd=\dimen147
\pgf@yd=\dimen148
\w@pgf@writea=\write3
\r@pgf@reada=\read2
\c@pgf@counta=\count178
\c@pgf@countb=\count179
\c@pgf@countc=\count180
\c@pgf@countd=\count181
\t@pgf@toka=\toks21
\t@pgf@tokb=\toks22
\t@pgf@tokc=\toks23
\pgf@sys@id@count=\count182

(C:\Users\dmitry.ra\AppData\Roaming\MiKTeX\2.9\tex/generic/pgf/systemlayer\pgf.
cfg
File: pgf.cfg 2020/01/08 v3.1.5b (3.1.5b)
)
Driver file for pgf: pgfsys-pdftex.def

(C:\Users\dmitry.ra\AppData\Roaming\MiKTeX\2.9\tex/generic/pgf/systemlayer\pgfs
ys-pdftex.def
File: pgfsys-pdftex.def 2020/01/08 v3.1.5b (3.1.5b)

(C:\Users\dmitry.ra\AppData\Roaming\MiKTeX\2.9\tex/generic/pgf/systemlayer\pgfs
ys-common-pdf.def
File: pgfsys-common-pdf.def 2020/01/08 v3.1.5b (3.1.5b)
)))
(C:\Users\dmitry.ra\AppData\Roaming\MiKTeX\2.9\tex/generic/pgf/systemlayer\pgfs
yssoftpath.code.tex
File: pgfsyssoftpath.code.tex 2020/01/08 v3.1.5b (3.1.5b)
\pgfsyssoftpath@smallbuffer@items=\count183
\pgfsyssoftpath@bigbuffer@items=\count184
)
(C:\Users\dmitry.ra\AppData\Roaming\MiKTeX\2.9\tex/generic/pgf/systemlayer\pgfs
ysprotocol.code.tex
File: pgfsysprotocol.code.tex 2020/01/08 v3.1.5b (3.1.5b)
)) (C:\Users\dmitry.ra\AppData\Roaming\MiKTeX\2.9\tex/latex/xcolor\xcolor.sty
Package: xcolor 2016/05/11 v2.12 LaTeX color extensions (UK)
("C:\Program Files\MiKTeX 2.9\tex/latex/graphics-cfg\color.cfg"
File: color.cfg 2016/01/02 v1.6 sample color configuration
)
Package xcolor Info: Driver file: pdftex.def on input line 225.
Package xcolor Info: Model `cmy' substituted by `cmy0' on input line 1348.
Package xcolor Info: Model `hsb' substituted by `rgb' on input line 1352.
Package xcolor Info: Model `RGB' extended on input line 1364.
Package xcolor Info: Model `HTML' substituted by `rgb' on input line 1366.
Package xcolor Info: Model `Hsb' substituted by `hsb' on input line 1367.
Package xcolor Info: Model `tHsb' substituted by `hsb' on input line 1368.
Package xcolor Info: Model `HSB' substituted by `hsb' on input line 1369.
Package xcolor Info: Model `Gray' substituted by `gray' on input line 1370.
Package xcolor Info: Model `wave' substituted by `hsb' on input line 1371.
)
(C:\Users\dmitry.ra\AppData\Roaming\MiKTeX\2.9\tex/generic/pgf/basiclayer\pgfco
re.code.tex
Package: pgfcore 2020/01/08 v3.1.5b (3.1.5b)

(C:\Users\dmitry.ra\AppData\Roaming\MiKTeX\2.9\tex/generic/pgf/math\pgfmath.cod
e.tex
(C:\Users\dmitry.ra\AppData\Roaming\MiKTeX\2.9\tex/generic/pgf/math\pgfmathcalc
.code.tex
(C:\Users\dmitry.ra\AppData\Roaming\MiKTeX\2.9\tex/generic/pgf/math\pgfmathutil
.code.tex)
(C:\Users\dmitry.ra\AppData\Roaming\MiKTeX\2.9\tex/generic/pgf/math\pgfmathpars
er.code.tex
\pgfmath@dimen=\dimen149
\pgfmath@count=\count185
\pgfmath@box=\box46
\pgfmath@toks=\toks24
\pgfmath@stack@operand=\toks25
\pgfmath@stack@operation=\toks26
)
(C:\Users\dmitry.ra\AppData\Roaming\MiKTeX\2.9\tex/generic/pgf/math\pgfmathfunc
tions.code.tex
(C:\Users\dmitry.ra\AppData\Roaming\MiKTeX\2.9\tex/generic/pgf/math\pgfmathfunc
tions.basic.code.tex)
(C:\Users\dmitry.ra\AppData\Roaming\MiKTeX\2.9\tex/generic/pgf/math\pgfmathfunc
tions.trigonometric.code.tex)
(C:\Users\dmitry.ra\AppData\Roaming\MiKTeX\2.9\tex/generic/pgf/math\pgfmathfunc
tions.random.code.tex)
(C:\Users\dmitry.ra\AppData\Roaming\MiKTeX\2.9\tex/generic/pgf/math\pgfmathfunc
tions.comparison.code.tex)
(C:\Users\dmitry.ra\AppData\Roaming\MiKTeX\2.9\tex/generic/pgf/math\pgfmathfunc
tions.base.code.tex)
(C:\Users\dmitry.ra\AppData\Roaming\MiKTeX\2.9\tex/generic/pgf/math\pgfmathfunc
tions.round.code.tex)
(C:\Users\dmitry.ra\AppData\Roaming\MiKTeX\2.9\tex/generic/pgf/math\pgfmathfunc
tions.misc.code.tex)
(C:\Users\dmitry.ra\AppData\Roaming\MiKTeX\2.9\tex/generic/pgf/math\pgfmathfunc
tions.integerarithmetics.code.tex)))
(C:\Users\dmitry.ra\AppData\Roaming\MiKTeX\2.9\tex/generic/pgf/math\pgfmathfloa
t.code.tex
\c@pgfmathroundto@lastzeros=\count186
))
(C:\Users\dmitry.ra\AppData\Roaming\MiKTeX\2.9\tex/generic/pgf/math\pgfint.code
.tex)
(C:\Users\dmitry.ra\AppData\Roaming\MiKTeX\2.9\tex/generic/pgf/basiclayer\pgfco
repoints.code.tex
File: pgfcorepoints.code.tex 2020/01/08 v3.1.5b (3.1.5b)
\pgf@picminx=\dimen150
\pgf@picmaxx=\dimen151
\pgf@picminy=\dimen152
\pgf@picmaxy=\dimen153
\pgf@pathminx=\dimen154
\pgf@pathmaxx=\dimen155
\pgf@pathminy=\dimen156
\pgf@pathmaxy=\dimen157
\pgf@xx=\dimen158
\pgf@xy=\dimen159
\pgf@yx=\dimen160
\pgf@yy=\dimen161
\pgf@zx=\dimen162
\pgf@zy=\dimen163
)
(C:\Users\dmitry.ra\AppData\Roaming\MiKTeX\2.9\tex/generic/pgf/basiclayer\pgfco
repathconstruct.code.tex
File: pgfcorepathconstruct.code.tex 2020/01/08 v3.1.5b (3.1.5b)
\pgf@path@lastx=\dimen164
\pgf@path@lasty=\dimen165
)
(C:\Users\dmitry.ra\AppData\Roaming\MiKTeX\2.9\tex/generic/pgf/basiclayer\pgfco
repathusage.code.tex
File: pgfcorepathusage.code.tex 2020/01/08 v3.1.5b (3.1.5b)
\pgf@shorten@end@additional=\dimen166
\pgf@shorten@start@additional=\dimen167
)
(C:\Users\dmitry.ra\AppData\Roaming\MiKTeX\2.9\tex/generic/pgf/basiclayer\pgfco
rescopes.code.tex
File: pgfcorescopes.code.tex 2020/01/08 v3.1.5b (3.1.5b)
\pgfpic=\box47
\pgf@hbox=\box48
\pgf@layerbox@main=\box49
\pgf@picture@serial@count=\count187
)
(C:\Users\dmitry.ra\AppData\Roaming\MiKTeX\2.9\tex/generic/pgf/basiclayer\pgfco
regraphicstate.code.tex
File: pgfcoregraphicstate.code.tex 2020/01/08 v3.1.5b (3.1.5b)
\pgflinewidth=\dimen168
)
(C:\Users\dmitry.ra\AppData\Roaming\MiKTeX\2.9\tex/generic/pgf/basiclayer\pgfco
retransformations.code.tex
File: pgfcoretransformations.code.tex 2020/01/08 v3.1.5b (3.1.5b)
\pgf@pt@x=\dimen169
\pgf@pt@y=\dimen170
\pgf@pt@temp=\dimen171
)
(C:\Users\dmitry.ra\AppData\Roaming\MiKTeX\2.9\tex/generic/pgf/basiclayer\pgfco
requick.code.tex
File: pgfcorequick.code.tex 2020/01/08 v3.1.5b (3.1.5b)
)
(C:\Users\dmitry.ra\AppData\Roaming\MiKTeX\2.9\tex/generic/pgf/basiclayer\pgfco
reobjects.code.tex
File: pgfcoreobjects.code.tex 2020/01/08 v3.1.5b (3.1.5b)
)
(C:\Users\dmitry.ra\AppData\Roaming\MiKTeX\2.9\tex/generic/pgf/basiclayer\pgfco
repathprocessing.code.tex
File: pgfcorepathprocessing.code.tex 2020/01/08 v3.1.5b (3.1.5b)
)
(C:\Users\dmitry.ra\AppData\Roaming\MiKTeX\2.9\tex/generic/pgf/basiclayer\pgfco
rearrows.code.tex
File: pgfcorearrows.code.tex 2020/01/08 v3.1.5b (3.1.5b)
\pgfarrowsep=\dimen172
)
(C:\Users\dmitry.ra\AppData\Roaming\MiKTeX\2.9\tex/generic/pgf/basiclayer\pgfco
reshade.code.tex
File: pgfcoreshade.code.tex 2020/01/08 v3.1.5b (3.1.5b)
\pgf@max=\dimen173
\pgf@sys@shading@range@num=\count188
\pgf@shadingcount=\count189
)
(C:\Users\dmitry.ra\AppData\Roaming\MiKTeX\2.9\tex/generic/pgf/basiclayer\pgfco
reimage.code.tex
File: pgfcoreimage.code.tex 2020/01/08 v3.1.5b (3.1.5b)

(C:\Users\dmitry.ra\AppData\Roaming\MiKTeX\2.9\tex/generic/pgf/basiclayer\pgfco
reexternal.code.tex
File: pgfcoreexternal.code.tex 2020/01/08 v3.1.5b (3.1.5b)
\pgfexternal@startupbox=\box50
))
(C:\Users\dmitry.ra\AppData\Roaming\MiKTeX\2.9\tex/generic/pgf/basiclayer\pgfco
relayers.code.tex
File: pgfcorelayers.code.tex 2020/01/08 v3.1.5b (3.1.5b)
)
(C:\Users\dmitry.ra\AppData\Roaming\MiKTeX\2.9\tex/generic/pgf/basiclayer\pgfco
retransparency.code.tex
File: pgfcoretransparency.code.tex 2020/01/08 v3.1.5b (3.1.5b)
)
(C:\Users\dmitry.ra\AppData\Roaming\MiKTeX\2.9\tex/generic/pgf/basiclayer\pgfco
repatterns.code.tex
File: pgfcorepatterns.code.tex 2020/01/08 v3.1.5b (3.1.5b)
)
(C:\Users\dmitry.ra\AppData\Roaming\MiKTeX\2.9\tex/generic/pgf/basiclayer\pgfco
rerdf.code.tex
File: pgfcorerdf.code.tex 2020/01/08 v3.1.5b (3.1.5b)
)))
(C:\Users\dmitry.ra\AppData\Roaming\MiKTeX\2.9\tex/generic/pgf/modules\pgfmodul
eshapes.code.tex
File: pgfmoduleshapes.code.tex 2020/01/08 v3.1.5b (3.1.5b)
\pgfnodeparttextbox=\box51
)
(C:\Users\dmitry.ra\AppData\Roaming\MiKTeX\2.9\tex/generic/pgf/modules\pgfmodul
eplot.code.tex
File: pgfmoduleplot.code.tex 2020/01/08 v3.1.5b (3.1.5b)
)
(C:\Users\dmitry.ra\AppData\Roaming\MiKTeX\2.9\tex/latex/pgf/compatibility\pgfc
omp-version-0-65.sty
Package: pgfcomp-version-0-65 2020/01/08 v3.1.5b (3.1.5b)
\pgf@nodesepstart=\dimen174
\pgf@nodesepend=\dimen175
)
(C:\Users\dmitry.ra\AppData\Roaming\MiKTeX\2.9\tex/latex/pgf/compatibility\pgfc
omp-version-1-18.sty
Package: pgfcomp-version-1-18 2020/01/08 v3.1.5b (3.1.5b)
))
(C:\Users\dmitry.ra\AppData\Roaming\MiKTeX\2.9\tex/latex/pgf/utilities\pgffor.s
ty
(C:\Users\dmitry.ra\AppData\Roaming\MiKTeX\2.9\tex/latex/pgf/utilities\pgfkeys.
sty
(C:\Users\dmitry.ra\AppData\Roaming\MiKTeX\2.9\tex/generic/pgf/utilities\pgfkey
s.code.tex)) (C:\Users\dmitry.ra\AppData\Roaming\MiKTeX\2.9\tex/latex/pgf/math\
pgfmath.sty
(C:\Users\dmitry.ra\AppData\Roaming\MiKTeX\2.9\tex/generic/pgf/math\pgfmath.cod
e.tex))
(C:\Users\dmitry.ra\AppData\Roaming\MiKTeX\2.9\tex/generic/pgf/utilities\pgffor
.code.tex
Package: pgffor 2020/01/08 v3.1.5b (3.1.5b)

(C:\Users\dmitry.ra\AppData\Roaming\MiKTeX\2.9\tex/generic/pgf/math\pgfmath.cod
e.tex)
\pgffor@iter=\dimen176
\pgffor@skip=\dimen177
\pgffor@stack=\toks27
\pgffor@toks=\toks28
))
(C:\Users\dmitry.ra\AppData\Roaming\MiKTeX\2.9\tex/generic/pgf/frontendlayer/ti
kz\tikz.code.tex
Package: tikz 2020/01/08 v3.1.5b (3.1.5b)

(C:\Users\dmitry.ra\AppData\Roaming\MiKTeX\2.9\tex/generic/pgf/libraries\pgflib
raryplothandlers.code.tex
File: pgflibraryplothandlers.code.tex 2020/01/08 v3.1.5b (3.1.5b)
\pgf@plot@mark@count=\count190
\pgfplotmarksize=\dimen178
)
\tikz@lastx=\dimen179
\tikz@lasty=\dimen180
\tikz@lastxsaved=\dimen181
\tikz@lastysaved=\dimen182
\tikz@lastmovetox=\dimen183
\tikz@lastmovetoy=\dimen184
\tikzleveldistance=\dimen185
\tikzsiblingdistance=\dimen186
\tikz@figbox=\box52
\tikz@figbox@bg=\box53
\tikz@tempbox=\box54
\tikz@tempbox@bg=\box55
\tikztreelevel=\count191
\tikznumberofchildren=\count192
\tikznumberofcurrentchild=\count193
\tikz@fig@count=\count194

(C:\Users\dmitry.ra\AppData\Roaming\MiKTeX\2.9\tex/generic/pgf/modules\pgfmodul
ematrix.code.tex
File: pgfmodulematrix.code.tex 2020/01/08 v3.1.5b (3.1.5b)
\pgfmatrixcurrentrow=\count195
\pgfmatrixcurrentcolumn=\count196
\pgf@matrix@numberofcolumns=\count197
)
\tikz@expandcount=\count198

(C:\Users\dmitry.ra\AppData\Roaming\MiKTeX\2.9\tex/generic/pgf/frontendlayer/ti
kz/libraries\tikzlibrarytopaths.code.tex
File: tikzlibrarytopaths.code.tex 2020/01/08 v3.1.5b (3.1.5b)
)))
\sa@box=\box56
)
(C:\Users\dmitry.ra\AppData\Roaming\MiKTeX\2.9\tex/latex/standalone\standalone.
sty
Package: standalone 2018/03/26 v1.3a Package to include TeX sub-files with prea
mbles
(C:\Users\dmitry.ra\AppData\Roaming\MiKTeX\2.9\tex/latex/currfile\currfile.sty
Package: currfile 2015/04/23 v0.7c Provides the file path elements of the curre
nt input file

(C:\Users\dmitry.ra\AppData\Roaming\MiKTeX\2.9\tex/latex/kvoptions\kvoptions.st
y
Package: kvoptions 2019/11/29 v3.13 Key value format for package options (HO)
(C:\Users\dmitry.ra\AppData\Roaming\MiKTeX\2.9\tex/generic/ltxcmds\ltxcmds.sty
Package: ltxcmds 2019/12/15 v1.24 LaTeX kernel commands for general use (HO)
)
(C:\Users\dmitry.ra\AppData\Roaming\MiKTeX\2.9\tex/generic/kvsetkeys\kvsetkeys.
sty
Package: kvsetkeys 2019/12/15 v1.18 Key value parser (HO)
)) (C:\Users\dmitry.ra\AppData\Roaming\MiKTeX\2.9\tex/latex/filehook\filehook.s
ty
Package: filehook 2020/02/03 v0.7 Hooks for input files
)
\c@currfiledepth=\count199
) (C:\Users\dmitry.ra\AppData\Roaming\MiKTeX\2.9\tex/latex/gincltex\gincltex.st
y (C:\Users\dmitry.ra\AppData\Roaming\MiKTeX\2.9\tex/latex/svn-prov\svn-prov.st
y
Package: svn-prov 2010/04/24 v3.1862 Package Date/Version from SVN Keywords
)
Package: gincltex 2011/09/04 v0.3 Include external LaTeX files like graphics

(C:\Users\dmitry.ra\AppData\Roaming\MiKTeX\2.9\tex/latex/adjustbox\adjustbox.st
y
Package: adjustbox 2019/01/04 v1.2 Adjusting TeX boxes (trim, clip, ...)
(C:\Users\dmitry.ra\AppData\Roaming\MiKTeX\2.9\tex/latex/adjustbox\adjcalc.sty
Package: adjcalc 2012/05/16 v1.1 Provides advanced setlength with multiple back
-ends (calc, etex, pgfmath)
)
(C:\Users\dmitry.ra\AppData\Roaming\MiKTeX\2.9\tex/latex/adjustbox\trimclip.sty
Package: trimclip 2018/04/08 v1.1 Trim and clip general TeX material

(C:\Users\dmitry.ra\AppData\Roaming\MiKTeX\2.9\tex/latex/collectbox\collectbox.
sty
Package: collectbox 2012/05/17 v0.4b Collect macro arguments as boxes
\collectedbox=\box57
)
\tc@llx=\dimen187
\tc@lly=\dimen188
\tc@urx=\dimen189
\tc@ury=\dimen190
Package trimclip Info: Using driver 'tc-pdftex.def'.

(C:\Users\dmitry.ra\AppData\Roaming\MiKTeX\2.9\tex/latex/adjustbox\tc-pdftex.de
f
File: tc-pdftex.def 2019/01/04 v2.2 Clipping driver for pdftex
))
\adjbox@Width=\dimen191
\adjbox@Height=\dimen192
\adjbox@Depth=\dimen193
\adjbox@Totalheight=\dimen194
\adjbox@pwidth=\dimen195
\adjbox@pheight=\dimen196
\adjbox@pdepth=\dimen197
\adjbox@ptotalheight=\dimen198

(C:\Users\dmitry.ra\AppData\Roaming\MiKTeX\2.9\tex/latex/ifoddpage\ifoddpage.st
y
Package: ifoddpage 2016/04/23 v1.1 Conditionals for odd/even page detection
\c@checkoddpage=\count266
) (C:\Users\dmitry.ra\AppData\Roaming\MiKTeX\2.9\tex/latex/varwidth\varwidth.st
y
Package: varwidth 2009/03/30 ver 0.92;  Variable-width minipages
\@vwid@box=\box58
\sift@deathcycles=\count267
\@vwid@loff=\dimen199
\@vwid@roff=\dimen256
))
\gincltex@box=\box59
)
(C:\Users\dmitry.ra\AppData\Roaming\MiKTeX\2.9\tex/latex/filemod\filemod-expmin
.sty
Package: filemod-expmin 2011/09/19 v1.2 Get and compare file modification times
 (expandable; minimal)
))
(C:\Users\dmitry.ra\AppData\Roaming\MiKTeX\2.9\tex/generic/pgf/libraries\pgflib
raryarrows.meta.code.tex
File: pgflibraryarrows.meta.code.tex 2020/01/08 v3.1.5b (3.1.5b)
\pgfarrowinset=\dimen257
\pgfarrowlength=\dimen258
\pgfarrowwidth=\dimen259
\pgfarrowlinewidth=\dimen260
)
(C:\Users\dmitry.ra\AppData\Roaming\MiKTeX\2.9\tex/latex/l3backend\l3backend-pd
fmode.def
File: l3backend-pdfmode.def 2020-03-12 L3 backend support: PDF mode
\l__kernel_color_stack_int=\count268
\l__pdf_internal_box=\box60
)
(C:\Users\dmitry.ra\Desktop\Studies\Articles\PhD\NPuzzleModel\Matlab\+Cylinders
\TempoSpatial\build\Column.14.aux)
\openout1 = `Column.14.aux'.

LaTeX Font Info:    Checking defaults for OML/cmm/m/it on input line 7.
LaTeX Font Info:    ... okay on input line 7.
LaTeX Font Info:    Checking defaults for OMS/cmsy/m/n on input line 7.
LaTeX Font Info:    ... okay on input line 7.
LaTeX Font Info:    Checking defaults for OT1/cmr/m/n on input line 7.
LaTeX Font Info:    ... okay on input line 7.
LaTeX Font Info:    Checking defaults for T1/cmr/m/n on input line 7.
LaTeX Font Info:    ... okay on input line 7.
LaTeX Font Info:    Checking defaults for TS1/cmr/m/n on input line 7.
LaTeX Font Info:    ... okay on input line 7.
LaTeX Font Info:    Checking defaults for OMX/cmex/m/n on input line 7.
LaTeX Font Info:    ... okay on input line 7.
LaTeX Font Info:    Checking defaults for U/cmr/m/n on input line 7.
LaTeX Font Info:    ... okay on input line 7.
ABD: EveryShipout initializing macros
(C:\Users\dmitry.ra\AppData\Roaming\MiKTeX\2.9\tex/context/base/mkii\supp-pdf.m
kii
[Loading MPS to PDF converter (version 2006.09.02).]
\scratchcounter=\count269
\scratchdimen=\dimen261
\scratchbox=\box61
\nofMPsegments=\count270
\nofMParguments=\count271
\everyMPshowfont=\toks29
\MPscratchCnt=\count272
\MPscratchDim=\dimen262
\MPnumerator=\count273
\makeMPintoPDFobject=\count274
\everyMPtoPDFconversion=\toks30
) ("C:\Program Files\MiKTeX 2.9\tex/latex/epstopdf-pkg\epstopdf-base.sty"
Package: epstopdf-base 2020-01-24 v2.11 Base part for package epstopdf
Package epstopdf-base Info: Redefining graphics rule for `.eps' on input line 4
85.
) [1

]
(C:\Users\dmitry.ra\Desktop\Studies\Articles\PhD\NPuzzleModel\Matlab\+Cylinders
\TempoSpatial\build\Column.14.aux) ) 
Here is how much of TeX's memory you used:
 13808 strings out of 480896
 285189 string characters out of 24658110
 3954081 words of memory out of 258000000
 29439 multiletter control sequences out of 15000+200000
 532338 words of font info for 24 fonts, out of 2000000 for 9000
 1141 hyphenation exceptions out of 8191
 68i,5n,67p,487b,524s stack positions out of 5000i,500n,10000p,25000000b,50000s

Output written on C:\Users\dmitry.ra\Desktop\Studies\Articles\PhD\NPuzzleModel\
Matlab\+Cylinders\TempoSpatial\build\Column.14.pdf (1 page, 148102 bytes).
PDF statistics:
 9 PDF objects out of 1000 (max. 8388607)
 0 named destinations out of 1000 (max. 500000)
 13 words of extra memory for PDF output out of 10000 (max. 10000000)

