Environment at start of build:
ALLUSERSPROFILE = C:\ProgramData
APPDATA = C:\Users\dmitry.ra\AppData\Roaming
CommonProgramFiles = C:\Program Files (x86)\Common Files
CommonProgramFiles(x86) = C:\Program Files (x86)\Common Files
CommonProgramW6432 = C:\Program Files\Common Files
COMPUTERNAME = LAP465
ComSpec = C:\WINDOWS\system32\cmd.exe
DriverData = C:\Windows\System32\Drivers\DriverData
FPS_BROWSER_APP_PROFILE_STRING = Internet Explorer
FPS_BROWSER_USER_PROFILE_STRING = Default
FP_NO_HOST_CHECK = NO
HOMEDRIVE = z:
HOMEPATH = \
HOMESHARE = \\cstb\HOME
LOCALAPPDATA = C:\Users\dmitry.ra\AppData\Local
LOGONSERVER = \\DAPHP
MOZ_PLUGIN_PATH = C:\Program Files (x86)\Foxit Software\Foxit Reader\plugins\
MSBuildLoadMicrosoftTargetsReadOnly = true
NUMBER_OF_PROCESSORS = 4
OneDrive = C:\Users\dmitry.ra\OneDrive
OneDriveConsumer = C:\Users\dmitry.ra\OneDrive
OPENCV_DIR = C:\Users\dmitry.ra\Documents\opencv-master\build
OS = Windows_NT
Path = C:\Windows\system32;C:\Windows;C:\Program Files\ImageMagick-7.0.8-Q16;C:\Program Files (x86)\Common Files\Oracle\Java\javapath;C:\Windows\System32\Wbem;C:\Windows\System32\WindowsPowerShell\v1.0\;C:\ProgramData\Oracle\Java\javapath;C:\Program Files\Microsoft DNX\Dnvm\;C:\Program Files\MATLAB\R2018b\bin;C:\Program Files\MATLAB\R2018b\bin\win64;C:\Program Files\MATLAB\R2018b\extern\bin\win64\;C:\Program Files (x86)\LyX 2.1\Perl\bin;C:\Program Files (x86)\CMake\bin;C:\WINDOWS\system32;C:\WINDOWS;C:\WINDOWS\System32\Wbem;C:\WINDOWS\System32\WindowsPowerShell\v1.0\;C:\Program Files\MiKTeX 2.9\miktex\bin\x64\;C:\Program Files (x86)\Bitvise SSH Client;C:\Program Files (x86)\PuTTY\;C:\Program Files (x86)\Git\cmd;C:\Program Files (x86)\GitExtensions\;C:\Users\dmitry.ra\Documents\opencv-master\build\bin\Debug\;C:\Users\dmitry.ra\Documents\opencv-master\build\bin\Release\;C:\Program Files\Intel\WiFi\bin\;C:\Program Files\Common Files\Intel\WirelessCommon\;C:\WINDOWS\System32\OpenSSH\;C:\Users\dmitry.ra\AppData\Local\Programs\Python\Python37\Scripts\;C:\Users\dmitry.ra\AppData\Local\Programs\Python\Python37\;C:\Program Files\Intel\WiFi\bin\;C:\Program Files\Common Files\Intel\WirelessCommon\;C:\Program Files (x86)\GnuWin32\bin;C:\Users\dmitry.ra\AppData\Local\Microsoft\WindowsApps;
PATHEXT = .COM;.EXE;.BAT;.CMD;.VBS;.VBE;.JS;.JSE;.WSF;.WSH;.MSC
PkgDefApplicationConfigFile = C:\Users\dmitry.ra\AppData\Local\Microsoft\VisualStudio\16.0_313a998b\devenv.exe.config
PROCESSOR_ARCHITECTURE = x86
PROCESSOR_ARCHITEW6432 = AMD64
PROCESSOR_IDENTIFIER = Intel64 Family 6 Model 61 Stepping 4, GenuineIntel
PROCESSOR_LEVEL = 6
PROCESSOR_REVISION = 3d04
ProgramData = C:\ProgramData
ProgramFiles = C:\Program Files (x86)
ProgramFiles(x86) = C:\Program Files (x86)
ProgramW6432 = C:\Program Files
PSModulePath = C:\WINDOWS\system32\WindowsPowerShell\v1.0\Modules\
PUBLIC = C:\Users\Public
ServiceHubLogSessionKey = 95E02DC4
SESSIONNAME = Console
SignInWithHomeTenantOnly = False
SystemDrive = C:
SystemRoot = C:\WINDOWS
TEMP = C:\Users\dmitry.ra\AppData\Local\Temp
ThreadedWaitDialogDpiContext = -4
TMP = C:\Users\dmitry.ra\AppData\Local\Temp
USERDNSDOMAIN = CSF.TECHNION.AC.IL
USERDOMAIN = TD-CSF
USERDOMAIN_ROAMINGPROFILE = TD-CSF
USERNAME = dmitry.ra
USERPROFILE = C:\Users\dmitry.ra
VisualStudioDir = C:\Users\dmitry.ra\Documents\Visual Studio 2019
VisualStudioEdition = Microsoft Visual Studio Community 2019
VisualStudioVersion = 16.0
VS140COMNTOOLS = C:\Program Files (x86)\Microsoft Visual Studio 14.0\Common7\Tools\
VSAPPIDDIR = C:\Program Files (x86)\Microsoft Visual Studio\2019\Community\Common7\IDE\
VSAPPIDNAME = devenv.exe
VSLANG = 1033
VSSKUEDITION = Community
windir = C:\WINDOWS

  ProcessMatlabGraphs.cpp
  ProcessMatlabGraphs.vcxproj -> C:\Users\dmitry.ra\Desktop\Studies\Articles\PhD\NPuzzleModel\C++\ProcessMatlabGraphs\x64\Debug\ProcessMatlabGraphs.exe
